<?xml version="1.0" encoding="UTF-8"?>
<!-- Generated by org.testng.reporters.JUnitXMLReporter -->
<testsuite hostname="kr700597" ignored="0" name="myTest" tests="3" failures="3" timestamp="29 10월 2018 03:40:01 GMT" time="11.951" errors="0">
  <testcase name="testPDFReporTwo" time="4.191" classname="PDFEmail.PDFEmail">
    <failure type="java.lang.NullPointerException">
      <![CDATA[java.lang.NullPointerException
at PDFEmail.PDFEmail.testPDFReporTwo(PDFEmail.java:43)
... Removed 25 stack frames]]>
    </failure>
  </testcase> <!-- testPDFReporTwo -->
  <testcase name="testPDFReportOne" time="3.45" classname="PDFEmail.PDFEmail">
    <failure type="java.lang.NullPointerException">
      <![CDATA[java.lang.NullPointerException
at PDFEmail.PDFEmail.testPDFReportOne(PDFEmail.java:35)
... Removed 25 stack frames]]>
    </failure>
  </testcase> <!-- testPDFReportOne -->
  <testcase name="testPDFReportThree" time="4.022" classname="PDFEmail.PDFEmail">
    <failure type="java.lang.NullPointerException">
      <![CDATA[java.lang.NullPointerException
at PDFEmail.PDFEmail.testPDFReportThree(PDFEmail.java:51)
... Removed 25 stack frames]]>
    </failure>
  </testcase> <!-- testPDFReportThree -->
</testsuite> <!-- myTest -->
