<?xml version="1.0" encoding="UTF-8"?>
<testsuite xmlns:xsi="http://www.w3.org/2001/XMLSchema-instance" xsi:schemaLocation="https://maven.apache.org/surefire/maven-surefire-plugin/xsd/surefire-test-report.xsd" name="TestSuite" time="56.626" tests="7" errors="0" skipped="0" failures="2">
  <properties>
[...]
</properties>
  <testcase name="FirstTest" classname="testNG.RecorderTest" time="3.802"/>
  <testcase name="FirstTest" classname="testNG.RecorderTest" time="2.672"/>
  <testcase name="FirstTest" classname="testNG.RecorderTest" time="13.828">
    <failure message="Unable to locate element: Andy Kim&#10;For documentation on this error, please visit: http://seleniumhq.org/exceptions/no_such_element.html&#10;Build info: version: &apos;3.14.0&apos;, revision: &apos;aacccce0&apos;, time: &apos;2018-08-02T20:19:58.91Z&apos;&#10;System info: host: &apos;KR700597&apos;, ip: &apos;192.168.35.21&apos;, os.name: &apos;Windows 8.1&apos;, os.arch: &apos;amd64&apos;, os.version: &apos;6.3&apos;, java.version: &apos;1.8.0_20&apos;&#10;Driver info: org.openqa.selenium.firefox.FirefoxDriver&#10;Capabilities {acceptInsecureCerts: true, browserName: firefox, browserVersion: 63.0, javascriptEnabled: true, moz:accessibilityChecks: false, moz:geckodriverVersion: 0.23.0, moz:headless: false, moz:processID: 14288, moz:profile: C:\Users\YaewonKim\AppData\..., moz:useNonSpecCompliantPointerOrigin: false, moz:webdriverClick: true, pageLoadStrategy: normal, platform: WINDOWS, platformName: WINDOWS, platformVersion: 10.0, rotatable: false, setWindowRect: true, timeouts: {implicit: 0, pageLoad: 300000, script: 30000}, unhandledPromptBehavior: dismiss and notify}&#10;Session ID: fd93983f-aa98-41b1-a8fc-2409a35337a4&#10;*** Element info: {Using=link text, value=Andy Kim}" type="org.openqa.selenium.NoSuchElementException">org.openqa.selenium.NoSuchElementException: 
Unable to locate element: Andy Kim
For documentation on this error, please visit: http://seleniumhq.org/exceptions/no_such_element.html
Build info: version: '3.14.0', revision: 'aacccce0', time: '2018-08-02T20:19:58.91Z'
System info: host: 'KR700597', ip: '192.168.35.21', os.name: 'Windows 8.1', os.arch: 'amd64', os.version: '6.3', java.version: '1.8.0_20'
Driver info: org.openqa.selenium.firefox.FirefoxDriver
Capabilities {acceptInsecureCerts: true, browserName: firefox, browserVersion: 63.0, javascriptEnabled: true, moz:accessibilityChecks: false, moz:geckodriverVersion: 0.23.0, moz:headless: false, moz:processID: 14288, moz:profile: C:\Users\YaewonKim\AppData\..., moz:useNonSpecCompliantPointerOrigin: false, moz:webdriverClick: true, pageLoadStrategy: normal, platform: WINDOWS, platformName: WINDOWS, platformVersion: 10.0, rotatable: false, setWindowRect: true, timeouts: {implicit: 0, pageLoad: 300000, script: 30000}, unhandledPromptBehavior: dismiss and notify}
Session ID: fd93983f-aa98-41b1-a8fc-2409a35337a4
*** Element info: {Using=link text, value=Andy Kim}
	at testNG.RecorderTest.FirstTest(RecorderTest.java:60)
</failure>
    <system-out><![CDATA[Name: Andy Kim
[JyperionListener] <<Failed>> FirstTest
screenshot file path: C:\Users\YaewonKim\workspace\Selenium_Project\screenshot\FirstTest_1109_101046.png
]]></system-out>
  </testcase>
  <testcase name="FirstTest" classname="testNG.RecorderTest" time="13.812">
    <failure message="Unable to locate element: abc&#10;For documentation on this error, please visit: http://seleniumhq.org/exceptions/no_such_element.html&#10;Build info: version: &apos;3.14.0&apos;, revision: &apos;aacccce0&apos;, time: &apos;2018-08-02T20:19:58.91Z&apos;&#10;System info: host: &apos;KR700597&apos;, ip: &apos;192.168.35.21&apos;, os.name: &apos;Windows 8.1&apos;, os.arch: &apos;amd64&apos;, os.version: &apos;6.3&apos;, java.version: &apos;1.8.0_20&apos;&#10;Driver info: org.openqa.selenium.firefox.FirefoxDriver&#10;Capabilities {acceptInsecureCerts: true, browserName: firefox, browserVersion: 63.0, javascriptEnabled: true, moz:accessibilityChecks: false, moz:geckodriverVersion: 0.23.0, moz:headless: false, moz:processID: 14288, moz:profile: C:\Users\YaewonKim\AppData\..., moz:useNonSpecCompliantPointerOrigin: false, moz:webdriverClick: true, pageLoadStrategy: normal, platform: WINDOWS, platformName: WINDOWS, platformVersion: 10.0, rotatable: false, setWindowRect: true, timeouts: {implicit: 0, pageLoad: 300000, script: 30000}, unhandledPromptBehavior: dismiss and notify}&#10;Session ID: fd93983f-aa98-41b1-a8fc-2409a35337a4&#10;*** Element info: {Using=link text, value=abc}" type="org.openqa.selenium.NoSuchElementException">org.openqa.selenium.NoSuchElementException: 
Unable to locate element: abc
For documentation on this error, please visit: http://seleniumhq.org/exceptions/no_such_element.html
Build info: version: '3.14.0', revision: 'aacccce0', time: '2018-08-02T20:19:58.91Z'
System info: host: 'KR700597', ip: '192.168.35.21', os.name: 'Windows 8.1', os.arch: 'amd64', os.version: '6.3', java.version: '1.8.0_20'
Driver info: org.openqa.selenium.firefox.FirefoxDriver
Capabilities {acceptInsecureCerts: true, browserName: firefox, browserVersion: 63.0, javascriptEnabled: true, moz:accessibilityChecks: false, moz:geckodriverVersion: 0.23.0, moz:headless: false, moz:processID: 14288, moz:profile: C:\Users\YaewonKim\AppData\..., moz:useNonSpecCompliantPointerOrigin: false, moz:webdriverClick: true, pageLoadStrategy: normal, platform: WINDOWS, platformName: WINDOWS, platformVersion: 10.0, rotatable: false, setWindowRect: true, timeouts: {implicit: 0, pageLoad: 300000, script: 30000}, unhandledPromptBehavior: dismiss and notify}
Session ID: fd93983f-aa98-41b1-a8fc-2409a35337a4
*** Element info: {Using=link text, value=abc}
	at testNG.RecorderTest.FirstTest(RecorderTest.java:60)
</failure>
    <system-out><![CDATA[Name: abc
[JyperionListener] <<Failed>> FirstTest
screenshot file path: C:\Users\YaewonKim\workspace\Selenium_Project\screenshot\FirstTest_1109_101100.png
]]></system-out>
  </testcase>
  <testcase name="FirstTest" classname="testNG.RecorderTest" time="2.626"/>
  <testcase name="SecondTest" classname="testNG.RecorderTest" time="0.11"/>
  <testcase name="ThirdTest" classname="testNG.RecorderTest" time="0.125"/>
</testsuite>